#
# A fatal error has been detected by the Java Runtime Environment:
#
#  SIGSEGV (0xb) at pc=0x00007fff98e0dd5d, pid=2415, tid=2571
#
# JRE version: Java(TM) SE Runtime Environment (8.0_60-b27) (build 1.8.0_60-b27)
# Java VM: Java HotSpot(TM) 64-Bit Server VM (25.60-b23 mixed mode bsd-amd64 compressed oops)
# Problematic frame:
# C  [libobjc.A.dylib+0x6d5d]  objc_msgSend+0x1d
#
# Failed to write core dump. Core dumps have been disabled. To enable core dumping, try "ulimit -c unlimited" before starting Java again
#
# If you would like to submit a bug report, please visit:
#   http://bugreport.java.com/bugreport/crash.jsp
# The crash happened outside the Java Virtual Machine in native code.
# See problematic frame for where to report the bug.
#

---------------  T H R E A D  ---------------

Current thread (0x00007fe8240b4000):  JavaThread "AWT-AppKit" daemon [_thread_in_native, id=2571, stack(0x00007fff5a896000,0x00007fff5b096000)]

siginfo: si_signo: 11 (SIGSEGV), si_code: 1 (SEGV_MAPERR), si_addr: 0x0000000000000018

Registers:
RAX=0x00007fe82b5cde30, RBX=0x000000017aef7450, RCX=0x0000000124af3ec0, RDX=0x0000000124af3960
RSP=0x00007fff5b0912b8, RBP=0x00007fff5b091370, RSI=0x00007fff94563d06, RDI=0x00007fe82b2e05f0
R8 =0x0000000000000000, R9 =0x0000000000000810, R10=0x00007fff94563d06, R11=0x0000000000000000
R12=0x0000000000000000, R13=0x00000001808f8ae8, R14=0x000000017aef7440, R15=0x00007fe8240b4000
RIP=0x00007fff98e0dd5d, EFLAGS=0x0000000000010246, ERR=0x0000000000000004
  TRAPNO=0x000000000000000e

Top of Stack: (sp=0x00007fff5b0912b8)
0x00007fff5b0912b8:   000000017aef5157 00007fff5b091310
0x00007fff5b0912c8:   0000000000000003 00007fff5b0912f0
0x00007fff5b0912d8:   0000000105ff1992 00000001808f8ae8
0x00007fff5b0912e8:   00000001808f8ae8 00007fe82b5cde30
0x00007fff5b0912f8:   000000017aef76a0 000000017aef7710
0x00007fff5b091308:   00007fff7827e740 00007fff780034b0
0x00007fff5b091318:   000000017aef7450 000000017aef7690
0x00007fff5b091328:   00007fe82b5cde30 00007fe82b2e05f0
0x00007fff5b091338:   00007fe823c438e0 00007fe82b5cde30
0x00007fff5b091348:   00007fe82b2e05f0 00007fff5b0913f8
0x00007fff5b091358:   00007fe8240b41f8 00000001808f8ae8
0x00007fff5b091368:   00007fff5b091420 00007fff5b0913e8
0x00007fff5b091378:   0000000106de4954 00000001808f8ae8
0x00007fff5b091388:   00007fff5b091420 00007fff5b0913e8
0x00007fff5b091398:   0000000106de46e7 0000000106de46a2
0x00007fff5b0913a8:   00007fff5b0913a8 00000001808f8ae8
0x00007fff5b0913b8:   00007fff5b091420 00000001808fb720
0x00007fff5b0913c8:   0000000000000000 00000001808f8ae8
0x00007fff5b0913d8:   0000000000000000 00007fff5b091408
0x00007fff5b0913e8:   00007fff5b091468 0000000106dd6c4d
0x00007fff5b0913f8:   000000076ed77d28 0000000106dde578
0x00007fff5b091408:   00007fe82b5cde30 00007fff5b091468
0x00007fff5b091418:   00007fe82b2e05f0 0000000106ddfd82
0x00007fff5b091428:   00007fff5b091428 00000001808f8cb2
0x00007fff5b091438:   00007fff5b091490 00000001808fb720
0x00007fff5b091448:   0000000000000000 00000001808f8cc0
0x00007fff5b091458:   00007fff5b091408 00007fff5b091478
0x00007fff5b091468:   00007fff5b0914d8 0000000106dd6c4d
0x00007fff5b091478:   00007fe82b5cde30 000000076ee1d3b0
0x00007fff5b091488:   00007fe82b2e05f0 000000076ee1d3b0
0x00007fff5b091498:   00007fff5b091498 0000000183b766ae
0x00007fff5b0914a8:   00007fff5b0914e8 0000000183b76768 

Instructions: (pc=0x00007fff98e0dd5d)
0x00007fff98e0dd3d:   44 00 00 48 85 ff 2e 74 62 40 f6 c7 01 2e 75 66
0x00007fff98e0dd4d:   49 bb f8 ff ff ff ff 7f 00 00 4c 23 1f 49 89 f2
0x00007fff98e0dd5d:   45 23 53 18 49 c1 e2 04 4d 03 53 10 49 3b 32 75
0x00007fff98e0dd6d:   04 41 ff 62 08 49 83 3a 01 76 0d 49 83 c2 10 49 

Register to memory mapping:

RAX=0x00007fe82b5cde30 is an unknown value
RBX=0x000000017aef7450: Java_jogamp_nativewindow_macosx_OSXUtil_GetScreenRefreshRate0+0x1cf0 in /private/var/folders/kj/2dfss_zn7zgdrbm6sqf3fq_c0000gn/T/jogamp_0000/file_cache/jln4185801175063300884/jln6116664825413219223/libnativewindow_macosx.jnilib at 0x000000017aef0000
RCX=0x0000000124af3ec0 is an unknown value
RDX=0x0000000124af3960 is an unknown value
RSP=0x00007fff5b0912b8 is pointing into the stack for thread: 0x00007fe8240b4000
RBP=0x00007fff5b091370 is pointing into the stack for thread: 0x00007fe8240b4000
RSI=0x00007fff94563d06 is an unknown value
RDI=0x00007fe82b2e05f0 is an unknown value
R8 =0x0000000000000000 is an unknown value
R9 =0x0000000000000810 is an unknown value
R10=0x00007fff94563d06 is an unknown value
R11=0x0000000000000000 is an unknown value
R12=0x0000000000000000 is an unknown value
R13={method} {0x00000001808f8ae8} 'UnsetJAWTRootSurfaceLayer0' '(JJ)V' in 'jogamp/nativewindow/jawt/macosx/MacOSXJAWTWindow'
R14=0x000000017aef7440: Java_jogamp_nativewindow_macosx_OSXUtil_GetScreenRefreshRate0+0x1ce0 in /private/var/folders/kj/2dfss_zn7zgdrbm6sqf3fq_c0000gn/T/jogamp_0000/file_cache/jln4185801175063300884/jln6116664825413219223/libnativewindow_macosx.jnilib at 0x000000017aef0000
R15=0x00007fe8240b4000 is a thread


Stack: [0x00007fff5a896000,0x00007fff5b096000],  sp=0x00007fff5b0912b8,  free space=8172k
Native frames: (J=compiled Java code, j=interpreted, Vv=VM code, C=native code)
C  [libobjc.A.dylib+0x6d5d]  objc_msgSend+0x1d
j  jogamp.nativewindow.jawt.macosx.MacOSXJAWTWindow.UnsetJAWTRootSurfaceLayer0(JJ)V+0
j  jogamp.nativewindow.jawt.macosx.MacOSXJAWTWindow.access$200(JJ)V+2
j  jogamp.nativewindow.jawt.macosx.MacOSXJAWTWindow$1.run()V+38
J 1790 C1 com.jogamp.common.util.RunnableTask.run()V (345 bytes) @ 0x0000000107414694 [0x0000000107414500+0x194]
v  ~StubRoutines::call_stub
V  [libjvm.dylib+0x2eab0e]  JavaCalls::call_helper(JavaValue*, methodHandle*, JavaCallArguments*, Thread*)+0x6ae
V  [libjvm.dylib+0x321bb7]  jni_invoke_nonstatic(JNIEnv_*, JavaValue*, _jobject*, JNICallType, _jmethodID*, JNI_ArgumentPusher*, Thread*)+0x2ec
V  [libjvm.dylib+0x31438b]  jni_CallVoidMethod+0x16b
C  [libnativewindow_macosx.jnilib+0x5326]  Java_jogamp_nativewindow_jawt_macosx_MacOSXJAWTWindow_UnsetJAWTRootSurfaceLayer0+0x2b6
C  [Foundation+0x7754e]  __NSThreadPerformPerform+0x117
C  [CoreFoundation+0xaa621]  __CFRUNLOOP_IS_CALLING_OUT_TO_A_SOURCE0_PERFORM_FUNCTION__+0x11
C  [CoreFoundation+0x89d97]  __CFRunLoopDoSources0+0x1a7
C  [CoreFoundation+0x8933f]  __CFRunLoopRun+0x39f
C  [CoreFoundation+0x88d38]  CFRunLoopRunSpecific+0x128
C  [HIToolbox+0x30d55]  RunCurrentEventLoopInMode+0xeb
C  [HIToolbox+0x30a97]  ReceiveNextEventCommon+0xb8
C  [HIToolbox+0x309cf]  _BlockUntilNextEventMatchingListInModeWithFilter+0x47
C  [AppKit+0x49236]  _DPSNextEvent+0x42b
C  [AppKit+0x48665]  -[NSApplication _nextEventMatchingEventMask:untilDate:inMode:dequeue:]+0x1c6
C  [libosxapp.dylib+0x23aa]  -[NSApplicationAWT nextEventMatchingMask:untilDate:inMode:dequeue:]+0x7c
C  [AppKit+0x3d1c8]  -[NSApplication run]+0x2aa
C  [libosxapp.dylib+0x214d]  +[NSApplicationAWT runAWTLoopWithApp:]+0x9c
C  [libawt_lwawt.dylib+0x44517]  -[AWTStarter starter:]+0x389
C  [Foundation+0x7754e]  __NSThreadPerformPerform+0x117
C  [CoreFoundation+0xaa621]  __CFRUNLOOP_IS_CALLING_OUT_TO_A_SOURCE0_PERFORM_FUNCTION__+0x11
C  [CoreFoundation+0x89e1c]  __CFRunLoopDoSources0+0x22c
C  [CoreFoundation+0x8933f]  __CFRunLoopRun+0x39f
C  [CoreFoundation+0x88d38]  CFRunLoopRunSpecific+0x128
C  [java+0x6463]  CreateExecutionEnvironment+0x367
C  [java+0x21ac]  JLI_Launch+0x7a0
C  [java+0x84c0]  main+0x65
C  [java+0x1a04]  start+0x34
C  0x0000000000000007

Java frames: (J=compiled Java code, j=interpreted, Vv=VM code)
j  jogamp.nativewindow.jawt.macosx.MacOSXJAWTWindow.UnsetJAWTRootSurfaceLayer0(JJ)V+0
j  jogamp.nativewindow.jawt.macosx.MacOSXJAWTWindow.access$200(JJ)V+2
j  jogamp.nativewindow.jawt.macosx.MacOSXJAWTWindow$1.run()V+38
J 1790 C1 com.jogamp.common.util.RunnableTask.run()V (345 bytes) @ 0x0000000107414694 [0x0000000107414500+0x194]
v  ~StubRoutines::call_stub

---------------  P R O C E S S  ---------------

Java Threads: ( => current thread )
  0x00007fe824c60800 JavaThread "Thread-28" [_thread_blocked, id=70947, stack(0x000070000218c000,0x000070000228c000)]
  0x00007fe8270db000 JavaThread "Image Fetcher 1" daemon [_thread_blocked, id=75043, stack(0x000070000279e000,0x000070000289e000)]
  0x00007fe827c56000 JavaThread "Image Fetcher 0" daemon [_thread_blocked, id=74499, stack(0x000070000269b000,0x000070000279b000)]
  0x00007fe824ca8000 JavaThread "Keep-Alive-Timer" daemon [_thread_blocked, id=74247, stack(0x0000700002598000,0x0000700002698000)]
  0x00007fe827b3d000 JavaThread "Animation Thread" [_thread_blocked, id=66347, stack(0x0000700001f03000,0x0000700002003000)]
  0x00007fe824bfe000 JavaThread "AWT-EventQueue-1" [_thread_in_native, id=66843, stack(0x0000700002006000,0x0000700002106000)]
  0x00007fe824004000 JavaThread "DestroyJavaVM" [_thread_blocked, id=5891, stack(0x000070000011a000,0x000070000021a000)]
  0x00007fe826801000 JavaThread "AWT-EventQueue-0" [_thread_blocked, id=63247, stack(0x0000700001e00000,0x0000700001f00000)]
  0x00007fe8249f7800 JavaThread "Java2D Disposer" daemon [_thread_blocked, id=58627, stack(0x0000700001b77000,0x0000700001c77000)]
  0x00007fe824990000 JavaThread "Java2D Queue Flusher" daemon [_thread_blocked, id=54791, stack(0x0000700001a74000,0x0000700001b74000)]
  0x00007fe8240ba000 JavaThread "AWT-Shutdown" [_thread_blocked, id=31763, stack(0x00007000015dc000,0x00007000016dc000)]
=>0x00007fe8240b4000 JavaThread "AWT-AppKit" daemon [_thread_in_native, id=2571, stack(0x00007fff5a896000,0x00007fff5b096000)]
  0x00007fe82784a800 JavaThread "Service Thread" daemon [_thread_blocked, id=21251, stack(0x0000700001353000,0x0000700001453000)]
  0x00007fe824847800 JavaThread "C1 CompilerThread3" daemon [_thread_blocked, id=20739, stack(0x0000700001250000,0x0000700001350000)]
  0x00007fe824012000 JavaThread "C2 CompilerThread2" daemon [_thread_blocked, id=20227, stack(0x000070000114d000,0x000070000124d000)]
  0x00007fe824847000 JavaThread "C2 CompilerThread1" daemon [_thread_blocked, id=19715, stack(0x000070000104a000,0x000070000114a000)]
  0x00007fe82783f000 JavaThread "C2 CompilerThread0" daemon [_thread_blocked, id=19203, stack(0x0000700000f47000,0x0000700001047000)]
  0x00007fe82782c000 JavaThread "Signal Dispatcher" daemon [_thread_blocked, id=14863, stack(0x0000700000e44000,0x0000700000f44000)]
  0x00007fe824817800 JavaThread "Finalizer" daemon [_thread_blocked, id=14339, stack(0x0000700000c3b000,0x0000700000d3b000)]
  0x00007fe82700c800 JavaThread "Reference Handler" daemon [_thread_blocked, id=13827, stack(0x0000700000b38000,0x0000700000c38000)]

Other Threads:
  0x00007fe824817000 VMThread [stack: 0x0000700000a35000,0x0000700000b35000] [id=13315]
  0x00007fe82783c800 WatcherThread [stack: 0x0000700001456000,0x0000700001556000] [id=21763]

VM state:not at safepoint (normal execution)

VM Mutex/Monitor currently owned by a thread: None

Heap:
 PSYoungGen      total 76288K, used 70565K [0x000000076ab00000, 0x0000000770000000, 0x00000007c0000000)
  eden space 65536K, 91% used [0x000000076ab00000,0x000000076e56be38,0x000000076eb00000)
  from space 10752K, 99% used [0x000000076eb00000,0x000000076f57d920,0x000000076f580000)
  to   space 10752K, 0% used [0x000000076f580000,0x000000076f580000,0x0000000770000000)
 ParOldGen       total 175104K, used 2608K [0x00000006c0000000, 0x00000006cab00000, 0x000000076ab00000)
  object space 175104K, 1% used [0x00000006c0000000,0x00000006c028c218,0x00000006cab00000)
 Metaspace       used 19078K, capacity 19223K, committed 19456K, reserved 1067008K
  class space    used 1883K, capacity 1950K, committed 2048K, reserved 1048576K

Card table byte_map: [0x000000011618f000,0x0000000116990000] byte_map_base: 0x0000000112b8f000

Marking Bits: (ParMarkBitMap*) 0x00000001066dee20
 Begin Bits: [0x0000000116ee6000, 0x000000011aee6000)
 End Bits:   [0x000000011aee6000, 0x000000011eee6000)

Polling page: 0x0000000104df8000

CodeCache: size=245760Kb used=6699Kb max_used=6699Kb free=239060Kb
 bounds [0x0000000106dcf000, 0x000000010745f000, 0x0000000115dcf000]
 total_blobs=2758 nmethods=1881 adapters=791
 compilation: enabled

Compilation events (10 events):
Event: 7.404 Thread 0x00007fe824847800 1877       1       sun.java2d.SurfaceData::isValid (5 bytes)
Event: 7.404 Thread 0x00007fe824847800 nmethod 1877 0x000000010745b250 code [0x000000010745b3a0, 0x000000010745b4b0]
Event: 7.416 Thread 0x00007fe824847800 1878       3       java.util.HashMap::putVal (300 bytes)
Event: 7.417 Thread 0x00007fe824847800 nmethod 1878 0x000000010745b510 code [0x000000010745b780, 0x000000010745ca38]
Event: 7.436 Thread 0x00007fe824847800 1879       3       sun.misc.JarIndex::get (49 bytes)
Event: 7.436 Thread 0x00007fe824847800 nmethod 1879 0x000000010745d110 code [0x000000010745d2e0, 0x000000010745db58]
Event: 7.436 Thread 0x00007fe824847800 1880       3       java.util.Stack::empty (13 bytes)
Event: 7.436 Thread 0x00007fe824847800 nmethod 1880 0x000000010745de90 code [0x000000010745e000, 0x000000010745e3d0]
Event: 7.437 Thread 0x00007fe824847800 1881       3       sun.awt.AWTAccessor::getEventQueueAccessor (18 bytes)
Event: 7.437 Thread 0x00007fe824847800 nmethod 1881 0x000000010745e490 code [0x000000010745e600, 0x000000010745e868]

GC Heap History (2 events):
Event: 2.646 GC heap before
{Heap before GC invocations=1 (full 0):
 PSYoungGen      total 76288K, used 65536K [0x000000076ab00000, 0x0000000770000000, 0x00000007c0000000)
  eden space 65536K, 100% used [0x000000076ab00000,0x000000076eb00000,0x000000076eb00000)
  from space 10752K, 0% used [0x000000076f580000,0x000000076f580000,0x0000000770000000)
  to   space 10752K, 0% used [0x000000076eb00000,0x000000076eb00000,0x000000076f580000)
 ParOldGen       total 175104K, used 0K [0x00000006c0000000, 0x00000006cab00000, 0x000000076ab00000)
  object space 175104K, 0% used [0x00000006c0000000,0x00000006c0000000,0x00000006cab00000)
 Metaspace       used 18434K, capacity 18635K, committed 18944K, reserved 1067008K
  class space    used 1871K, capacity 1948K, committed 2048K, reserved 1048576K
Event: 2.654 GC heap after
Heap after GC invocations=1 (full 0):
 PSYoungGen      total 76288K, used 10742K [0x000000076ab00000, 0x0000000770000000, 0x00000007c0000000)
  eden space 65536K, 0% used [0x000000076ab00000,0x000000076ab00000,0x000000076eb00000)
  from space 10752K, 99% used [0x000000076eb00000,0x000000076f57d920,0x000000076f580000)
  to   space 10752K, 0% used [0x000000076f580000,0x000000076f580000,0x0000000770000000)
 ParOldGen       total 175104K, used 2608K [0x00000006c0000000, 0x00000006cab00000, 0x000000076ab00000)
  object space 175104K, 1% used [0x00000006c0000000,0x00000006c028c218,0x00000006cab00000)
 Metaspace       used 18434K, capacity 18635K, committed 18944K, reserved 1067008K
  class space    used 1871K, capacity 1948K, committed 2048K, reserved 1048576K
}

Deoptimization events (9 events):
Event: 1.535 Thread 0x00007fe82428d000 Uncommon trap: reason=unstable_if action=reinterpret pc=0x0000000106fa9600 method=java.lang.String.toLowerCase(Ljava/util/Locale;)Ljava/lang/String; @ 85
Event: 1.684 Thread 0x00007fe827b3d000 Uncommon trap: reason=unstable_if action=reinterpret pc=0x00000001070517e8 method=java.lang.String.indexOf([CII[CIII)I @ 3
Event: 1.684 Thread 0x00007fe827b3d000 Uncommon trap: reason=unstable_if action=reinterpret pc=0x0000000107029824 method=java.lang.String.indexOf([CII[CIII)I @ 3
Event: 1.684 Thread 0x00007fe827b3d000 Uncommon trap: reason=unstable_if action=reinterpret pc=0x0000000106f9aa60 method=java.lang.String.indexOf([CII[CIII)I @ 3
Event: 2.352 Thread 0x00007fe824bfe000 Uncommon trap: reason=unstable_if action=reinterpret pc=0x0000000106f89e6c method=java.lang.AbstractStringBuilder.append(Ljava/lang/String;)Ljava/lang/AbstractStringBuilder; @ 1
Event: 2.665 Thread 0x00007fe824bfe000 Uncommon trap: reason=unstable_if action=reinterpret pc=0x000000010720e534 method=processing.opengl.Texture.convertToRGBA([IIII)V @ 281
Event: 7.400 Thread 0x00007fe824bfe000 Uncommon trap: reason=unstable_if action=reinterpret pc=0x00000001072626a8 method=com.jogamp.common.util.VersionNumber.compareTo(Lcom/jogamp/common/util/VersionNumber;)I @ 21
Event: 7.416 Thread 0x00007fe8280d3800 Uncommon trap: reason=unstable_if action=reinterpret pc=0x00000001071cbe20 method=java.util.HashMap.putVal(ILjava/lang/Object;Ljava/lang/Object;ZZ)Ljava/lang/Object; @ 81
Event: 7.416 Thread 0x00007fe8280d3800 Uncommon trap: reason=unstable_if action=reinterpret pc=0x00000001071c02f0 method=java.util.HashMap.putVal(ILjava/lang/Object;Ljava/lang/Object;ZZ)Ljava/lang/Object; @ 81

Internal exceptions (10 events):
Event: 0.113 Thread 0x00007fe824004000 Exception <a 'java/lang/NoSuchFieldError': method resolution failed> (0x000000076aefb970) thrown at [/Users/java_re/workspace/8-2-build-macosx-x86_64/jdk8u60/4407/hotspot/src/share/vm/prims/methodHandles.cpp, line 1146]
Event: 0.290 Thread 0x00007fe824004000 Exception <a 'java/io/FileNotFoundException'> (0x000000076af77910) thrown at [/Users/java_re/workspace/8-2-build-macosx-x86_64/jdk8u60/4407/hotspot/src/share/vm/prims/jni.cpp, line 709]
Event: 0.290 Thread 0x00007fe824004000 Exception <a 'java/io/FileNotFoundException'> (0x000000076af78478) thrown at [/Users/java_re/workspace/8-2-build-macosx-x86_64/jdk8u60/4407/hotspot/src/share/vm/prims/jni.cpp, line 709]
Event: 0.318 Thread 0x00007fe824004000 Exception <a 'java/io/FileNotFoundException'> (0x000000076b17a330) thrown at [/Users/java_re/workspace/8-2-build-macosx-x86_64/jdk8u60/4407/hotspot/src/share/vm/prims/jni.cpp, line 709]
Event: 0.409 Thread 0x00007fe824004000 Exception <a 'java/io/FileNotFoundException'> (0x000000076b1b6b10) thrown at [/Users/java_re/workspace/8-2-build-macosx-x86_64/jdk8u60/4407/hotspot/src/share/vm/prims/jni.cpp, line 709]
Event: 1.698 Thread 0x00007fe827b3d000 Exception <a 'java/lang/UnsatisfiedLinkError': com.jogamp.common.util.JarUtil.fixNativeLibAttribs(Ljava/lang/String;)Z> (0x000000076c788468) thrown at [/Users/java_re/workspace/8-2-build-macosx-x86_64/jdk8u60/4407/hotspot/src/share/vm/prims/nativeLookup.c
Event: 2.351 Thread 0x00007fe824bfe000 Exception <a 'java/io/FileNotFoundException'> (0x000000076d826f30) thrown at [/Users/java_re/workspace/8-2-build-macosx-x86_64/jdk8u60/4407/hotspot/src/share/vm/prims/jni.cpp, line 709]
Event: 2.351 Thread 0x00007fe824bfe000 Exception <a 'java/io/FileNotFoundException'> (0x000000076d82d7d8) thrown at [/Users/java_re/workspace/8-2-build-macosx-x86_64/jdk8u60/4407/hotspot/src/share/vm/prims/jni.cpp, line 709]
Event: 2.352 Thread 0x00007fe824bfe000 Implicit null exception at 0x0000000106f89af5 to 0x0000000106f89e59
Event: 2.656 Thread 0x00007fe824817800 Exception <a 'java/lang/NullPointerException'> (0x000000076afd65e0) thrown at [/Users/java_re/workspace/8-2-build-macosx-x86_64/jdk8u60/4407/hotspot/src/share/vm/interpreter/linkResolver.cpp, line 1178]

Events (10 events):
Event: 7.436 loading class jogamp/nativewindow/jawt/macosx/MacOSXJAWTWindow$1 done
Event: 7.437 loading class java/awt/LightweightDispatcher$2
Event: 7.437 loading class java/awt/LightweightDispatcher$2 done
Event: 7.437 loading class java/awt/event/AWTEventListenerProxy
Event: 7.437 loading class java/awt/event/AWTEventListenerProxy done
Event: 7.437 loading class java/awt/Toolkit$ToolkitEventMulticaster
Event: 7.437 loading class java/awt/Toolkit$ToolkitEventMulticaster done
Event: 7.437 Thread 0x00007fe8280d3800 Thread exited: 0x00007fe8280d3800
Event: 7.437 loading class java/awt/Window$1DisposeAction
Event: 7.437 loading class java/awt/Window$1DisposeAction done


Dynamic libraries:
0x00000000055ea000 	/System/Library/Frameworks/Cocoa.framework/Versions/A/Cocoa
0x00000000055ea000 	/System/Library/Frameworks/Security.framework/Versions/A/Security
0x00000000055ea000 	/System/Library/Frameworks/ApplicationServices.framework/Versions/A/ApplicationServices
0x00000000055ea000 	/usr/lib/libz.1.dylib
0x00000000055ea000 	/usr/lib/libSystem.B.dylib
0x00000000055ea000 	/usr/lib/libobjc.A.dylib
0x00000000055ea000 	/System/Library/Frameworks/CoreFoundation.framework/Versions/A/CoreFoundation
0x00000000055ea000 	/System/Library/Frameworks/Foundation.framework/Versions/C/Foundation
0x00000000055ea000 	/System/Library/Frameworks/AppKit.framework/Versions/C/AppKit
0x00000000055ea000 	/System/Library/Frameworks/CoreData.framework/Versions/A/CoreData
0x00000000055ea000 	/System/Library/PrivateFrameworks/RemoteViewServices.framework/Versions/A/RemoteViewServices
0x00000000055ea000 	/System/Library/PrivateFrameworks/UIFoundation.framework/Versions/A/UIFoundation
0x00000000055ea000 	/usr/lib/libScreenReader.dylib
0x00000000055ea000 	/System/Library/Frameworks/Accelerate.framework/Versions/A/Accelerate
0x00000000055ea000 	/System/Library/Frameworks/IOSurface.framework/Versions/A/IOSurface
0x00000000055ea000 	/System/Library/Frameworks/AudioToolbox.framework/Versions/A/AudioToolbox
0x00000000055ea000 	/System/Library/Frameworks/AudioUnit.framework/Versions/A/AudioUnit
0x00000000055ea000 	/System/Library/PrivateFrameworks/DataDetectorsCore.framework/Versions/A/DataDetectorsCore
0x00000000055ea000 	/System/Library/PrivateFrameworks/DesktopServicesPriv.framework/Versions/A/DesktopServicesPriv
0x00000000055ea000 	/System/Library/Frameworks/Carbon.framework/Versions/A/Frameworks/HIToolbox.framework/Versions/A/HIToolbox
0x00000000055ea000 	/System/Library/Frameworks/QuartzCore.framework/Versions/A/QuartzCore
0x00000000055ea000 	/System/Library/Frameworks/Carbon.framework/Versions/A/Frameworks/SpeechRecognition.framework/Versions/A/SpeechRecognition
0x00000000055ea000 	/usr/lib/libauto.dylib
0x00000000055ea000 	/usr/lib/libicucore.A.dylib
0x00000000055ea000 	/usr/lib/libxml2.2.dylib
0x00000000055ea000 	/System/Library/PrivateFrameworks/CoreUI.framework/Versions/A/CoreUI
0x00000000055ea000 	/System/Library/Frameworks/CoreAudio.framework/Versions/A/CoreAudio
0x00000000055ea000 	/System/Library/Frameworks/DiskArbitration.framework/Versions/A/DiskArbitration
0x00000000055ea000 	/usr/lib/liblangid.dylib
0x00000000055ea000 	/System/Library/PrivateFrameworks/MultitouchSupport.framework/Versions/A/MultitouchSupport
0x00000000055ea000 	/System/Library/Frameworks/IOKit.framework/Versions/A/IOKit
0x00000000055ea000 	/usr/lib/libDiagnosticMessagesClient.dylib
0x00000000055ea000 	/System/Library/Frameworks/CoreServices.framework/Versions/A/CoreServices
0x00000000055ea000 	/System/Library/PrivateFrameworks/PerformanceAnalysis.framework/Versions/A/PerformanceAnalysis
0x00000000055ea000 	/System/Library/PrivateFrameworks/GenerationalStorage.framework/Versions/A/GenerationalStorage
0x00000000055ea000 	/System/Library/Frameworks/OpenGL.framework/Versions/A/OpenGL
0x00000000055ea000 	/System/Library/PrivateFrameworks/Sharing.framework/Versions/A/Sharing
0x00000000055ea000 	/System/Library/Frameworks/CoreGraphics.framework/Versions/A/CoreGraphics
0x00000000055ea000 	/System/Library/Frameworks/CoreImage.framework/Versions/A/CoreImage
0x00000000055ea000 	/System/Library/Frameworks/CoreText.framework/Versions/A/CoreText
0x00000000055ea000 	/System/Library/Frameworks/ImageIO.framework/Versions/A/ImageIO
0x00000000055ea000 	/System/Library/PrivateFrameworks/Backup.framework/Versions/A/Backup
0x00000000055ea000 	/usr/lib/libextension.dylib
0x00000000055ea000 	/usr/lib/libarchive.2.dylib
0x00000000055ea000 	/System/Library/Frameworks/CFNetwork.framework/Versions/A/CFNetwork
0x00000000055ea000 	/System/Library/Frameworks/SystemConfiguration.framework/Versions/A/SystemConfiguration
0x00000000055ea000 	/usr/lib/libCRFSuite.dylib
0x00000000055ea000 	/usr/lib/libc++.1.dylib
0x00000000055ea000 	/usr/lib/libc++abi.dylib
0x00000000055ea000 	/usr/lib/system/libcache.dylib
0x00000000055ea000 	/usr/lib/system/libcommonCrypto.dylib
0x00000000055ea000 	/usr/lib/system/libcompiler_rt.dylib
0x00000000055ea000 	/usr/lib/system/libcopyfile.dylib
0x00000000055ea000 	/usr/lib/system/libcorecrypto.dylib
0x00000000055ea000 	/usr/lib/system/libdispatch.dylib
0x00000000055ea000 	/usr/lib/system/libdyld.dylib
0x00000000055ea000 	/usr/lib/system/libkeymgr.dylib
0x00000000055ea000 	/usr/lib/system/liblaunch.dylib
0x00000000055ea000 	/usr/lib/system/libmacho.dylib
0x00000000055ea000 	/usr/lib/system/libquarantine.dylib
0x00000000055ea000 	/usr/lib/system/libremovefile.dylib
0x00000000055ea000 	/usr/lib/system/libsystem_asl.dylib
0x00000000055ea000 	/usr/lib/system/libsystem_blocks.dylib
0x00000000055ea000 	/usr/lib/system/libsystem_c.dylib
0x00000000055ea000 	/usr/lib/system/libsystem_configuration.dylib
0x00000000055ea000 	/usr/lib/system/libsystem_coreservices.dylib
0x00000000055ea000 	/usr/lib/system/libsystem_coretls.dylib
0x00000000055ea000 	/usr/lib/system/libsystem_dnssd.dylib
0x00000000055ea000 	/usr/lib/system/libsystem_info.dylib
0x00000000055ea000 	/usr/lib/system/libsystem_kernel.dylib
0x00000000055ea000 	/usr/lib/system/libsystem_m.dylib
0x00000000055ea000 	/usr/lib/system/libsystem_malloc.dylib
0x00000000055ea000 	/usr/lib/system/libsystem_network.dylib
0x00000000055ea000 	/usr/lib/system/libsystem_networkextension.dylib
0x00000000055ea000 	/usr/lib/system/libsystem_notify.dylib
0x00000000055ea000 	/usr/lib/system/libsystem_platform.dylib
0x00000000055ea000 	/usr/lib/system/libsystem_pthread.dylib
0x00000000055ea000 	/usr/lib/system/libsystem_sandbox.dylib
0x00000000055ea000 	/usr/lib/system/libsystem_secinit.dylib
0x00000000055ea000 	/usr/lib/system/libsystem_trace.dylib
0x00000000055ea000 	/usr/lib/system/libunc.dylib
0x00000000055ea000 	/usr/lib/system/libunwind.dylib
0x00000000055ea000 	/usr/lib/system/libxpc.dylib
0x00000000055ea000 	/usr/lib/libenergytrace.dylib
0x00000000055ea000 	/usr/lib/libbsm.0.dylib
0x00000000055ea000 	/usr/lib/system/libkxld.dylib
0x00000000055ea000 	/usr/lib/libxar.1.dylib
0x00000000055ea000 	/usr/lib/libsqlite3.dylib
0x00000000055ea000 	/usr/lib/libpam.2.dylib
0x00000000055ea000 	/usr/lib/libOpenScriptingUtil.dylib
0x00000000055ea000 	/usr/lib/libbz2.1.0.dylib
0x00000000055ea000 	/usr/lib/liblzma.5.dylib
0x00000000055ea000 	/System/Library/Frameworks/CoreServices.framework/Versions/A/Frameworks/FSEvents.framework/Versions/A/FSEvents
0x00000000055ea000 	/System/Library/Frameworks/CoreServices.framework/Versions/A/Frameworks/CarbonCore.framework/Versions/A/CarbonCore
0x00000000055ea000 	/System/Library/Frameworks/CoreServices.framework/Versions/A/Frameworks/Metadata.framework/Versions/A/Metadata
0x00000000055ea000 	/System/Library/Frameworks/CoreServices.framework/Versions/A/Frameworks/OSServices.framework/Versions/A/OSServices
0x00000000055ea000 	/System/Library/Frameworks/CoreServices.framework/Versions/A/Frameworks/SearchKit.framework/Versions/A/SearchKit
0x00000000055ea000 	/System/Library/Frameworks/CoreServices.framework/Versions/A/Frameworks/AE.framework/Versions/A/AE
0x00000000055ea000 	/System/Library/Frameworks/CoreServices.framework/Versions/A/Frameworks/LaunchServices.framework/Versions/A/LaunchServices
0x00000000055ea000 	/System/Library/Frameworks/CoreServices.framework/Versions/A/Frameworks/DictionaryServices.framework/Versions/A/DictionaryServices
0x00000000055ea000 	/System/Library/Frameworks/CoreServices.framework/Versions/A/Frameworks/SharedFileList.framework/Versions/A/SharedFileList
0x00000000055ea000 	/System/Library/Frameworks/NetFS.framework/Versions/A/NetFS
0x00000000055ea000 	/System/Library/PrivateFrameworks/NetAuth.framework/Versions/A/NetAuth
0x00000000055ea000 	/System/Library/PrivateFrameworks/login.framework/Versions/A/Frameworks/loginsupport.framework/Versions/A/loginsupport
0x00000000055ea000 	/System/Library/PrivateFrameworks/TCC.framework/Versions/A/TCC
0x00000000055ea000 	/usr/lib/libmecabra.dylib
0x00000000055ea000 	/System/Library/Frameworks/ApplicationServices.framework/Versions/A/Frameworks/ATS.framework/Versions/A/ATS
0x00000000055ea000 	/System/Library/Frameworks/ApplicationServices.framework/Versions/A/Frameworks/ColorSync.framework/Versions/A/ColorSync
0x00000000055ea000 	/System/Library/Frameworks/ApplicationServices.framework/Versions/A/Frameworks/HIServices.framework/Versions/A/HIServices
0x00000000055ea000 	/System/Library/Frameworks/ApplicationServices.framework/Versions/A/Frameworks/LangAnalysis.framework/Versions/A/LangAnalysis
0x00000000055ea000 	/System/Library/Frameworks/ApplicationServices.framework/Versions/A/Frameworks/PrintCore.framework/Versions/A/PrintCore
0x00000000055ea000 	/System/Library/Frameworks/ApplicationServices.framework/Versions/A/Frameworks/QD.framework/Versions/A/QD
0x00000000055ea000 	/System/Library/Frameworks/ApplicationServices.framework/Versions/A/Frameworks/SpeechSynthesis.framework/Versions/A/SpeechSynthesis
0x00000000055ea000 	/System/Library/Frameworks/Metal.framework/Versions/A/Metal
0x00000000055ea000 	/System/Library/Frameworks/Accelerate.framework/Versions/A/Frameworks/vImage.framework/Versions/A/vImage
0x00000000055ea000 	/System/Library/Frameworks/Accelerate.framework/Versions/A/Frameworks/vecLib.framework/Versions/A/vecLib
0x00000000055ea000 	/System/Library/Frameworks/Accelerate.framework/Versions/A/Frameworks/vecLib.framework/Versions/A/libvDSP.dylib
0x00000000055ea000 	/System/Library/Frameworks/Accelerate.framework/Versions/A/Frameworks/vecLib.framework/Versions/A/libvMisc.dylib
0x00000000055ea000 	/System/Library/Frameworks/Accelerate.framework/Versions/A/Frameworks/vecLib.framework/Versions/A/libLAPACK.dylib
0x00000000055ea000 	/System/Library/Frameworks/Accelerate.framework/Versions/A/Frameworks/vecLib.framework/Versions/A/libBLAS.dylib
0x00000000055ea000 	/System/Library/Frameworks/Accelerate.framework/Versions/A/Frameworks/vecLib.framework/Versions/A/libLinearAlgebra.dylib
0x00000000055ea000 	/System/Library/Frameworks/Accelerate.framework/Versions/A/Frameworks/vecLib.framework/Versions/A/libSparseBLAS.dylib
0x00000000055ea000 	/System/Library/PrivateFrameworks/GPUCompiler.framework/libmetal_timestamp.dylib
0x00000000055ea000 	/System/Library/Frameworks/OpenGL.framework/Versions/A/Libraries/libCoreFSCache.dylib
0x00000000055ea000 	/System/Library/PrivateFrameworks/IOAccelerator.framework/Versions/A/IOAccelerator
0x00000000055ea000 	/System/Library/Frameworks/ApplicationServices.framework/Versions/A/Frameworks/ATS.framework/Versions/A/Resources/libFontParser.dylib
0x00000000055ea000 	/System/Library/Frameworks/ApplicationServices.framework/Versions/A/Frameworks/ATS.framework/Versions/A/Resources/libFontRegistry.dylib
0x00000000055ea000 	/System/Library/PrivateFrameworks/AppleVPA.framework/Versions/A/AppleVPA
0x00000000055ea000 	/System/Library/PrivateFrameworks/AppleJPEG.framework/Versions/A/AppleJPEG
0x00000000055ea000 	/System/Library/Frameworks/ImageIO.framework/Versions/A/Resources/libJPEG.dylib
0x00000000055ea000 	/System/Library/Frameworks/ImageIO.framework/Versions/A/Resources/libTIFF.dylib
0x00000000055ea000 	/System/Library/Frameworks/ImageIO.framework/Versions/A/Resources/libPng.dylib
0x00000000055ea000 	/System/Library/Frameworks/ImageIO.framework/Versions/A/Resources/libGIF.dylib
0x00000000055ea000 	/System/Library/Frameworks/ImageIO.framework/Versions/A/Resources/libJP2.dylib
0x00000000055ea000 	/System/Library/Frameworks/ImageIO.framework/Versions/A/Resources/libRadiance.dylib
0x00000000055ea000 	/System/Library/Frameworks/CoreVideo.framework/Versions/A/CoreVideo
0x00000000055ea000 	/System/Library/Frameworks/OpenGL.framework/Versions/A/Libraries/libGLU.dylib
0x00000000055ea000 	/System/Library/Frameworks/OpenGL.framework/Versions/A/Libraries/libGFXShared.dylib
0x00000000055ea000 	/System/Library/Frameworks/OpenGL.framework/Versions/A/Libraries/libGL.dylib
0x00000000055ea000 	/System/Library/Frameworks/OpenGL.framework/Versions/A/Libraries/libGLImage.dylib
0x00000000055ea000 	/System/Library/Frameworks/OpenGL.framework/Versions/A/Libraries/libCVMSPluginSupport.dylib
0x00000000055ea000 	/System/Library/Frameworks/OpenGL.framework/Versions/A/Libraries/libCoreVMClient.dylib
0x00000000055ea000 	/usr/lib/libcups.2.dylib
0x00000000055ea000 	/System/Library/Frameworks/Kerberos.framework/Versions/A/Kerberos
0x00000000055ea000 	/System/Library/Frameworks/GSS.framework/Versions/A/GSS
0x00000000055ea000 	/usr/lib/libresolv.9.dylib
0x00000000055ea000 	/usr/lib/libiconv.2.dylib
0x00000000055ea000 	/System/Library/PrivateFrameworks/Heimdal.framework/Versions/A/Heimdal
0x00000000055ea000 	/usr/lib/libheimdal-asn1.dylib
0x00000000055ea000 	/System/Library/Frameworks/OpenDirectory.framework/Versions/A/OpenDirectory
0x00000000055ea000 	/System/Library/PrivateFrameworks/CommonAuth.framework/Versions/A/CommonAuth
0x00000000055ea000 	/System/Library/Frameworks/OpenDirectory.framework/Versions/A/Frameworks/CFOpenDirectory.framework/Versions/A/CFOpenDirectory
0x00000000055ea000 	/System/Library/Frameworks/SecurityFoundation.framework/Versions/A/SecurityFoundation
0x00000000055ea000 	/System/Library/PrivateFrameworks/LanguageModeling.framework/Versions/A/LanguageModeling
0x00000000055ea000 	/usr/lib/libmarisa.dylib
0x00000000055ea000 	/usr/lib/libChineseTokenizer.dylib
0x00000000055ea000 	/usr/lib/libcmph.dylib
0x00000000055ea000 	/usr/lib/libcompression.dylib
0x00000000055ea000 	/System/Library/Frameworks/ServiceManagement.framework/Versions/A/ServiceManagement
0x00000000055ea000 	/usr/lib/libxslt.1.dylib
0x00000000055ea000 	/System/Library/Frameworks/Carbon.framework/Versions/A/Frameworks/Ink.framework/Versions/A/Ink
0x00000000055ea000 	/usr/lib/libFosl_dynamic.dylib
0x00000000055ea000 	/System/Library/PrivateFrameworks/FaceCore.framework/Versions/A/FaceCore
0x00000000055ea000 	/System/Library/Frameworks/OpenCL.framework/Versions/A/OpenCL
0x00000000055ea000 	/System/Library/PrivateFrameworks/CrashReporterSupport.framework/Versions/A/CrashReporterSupport
0x00000000055ea000 	/System/Library/PrivateFrameworks/IconServices.framework/Versions/A/IconServices
0x00000000055ea000 	/System/Library/PrivateFrameworks/Apple80211.framework/Versions/A/Apple80211
0x00000000055ea000 	/System/Library/Frameworks/CoreWLAN.framework/Versions/A/CoreWLAN
0x00000000055ea000 	/System/Library/Frameworks/IOBluetooth.framework/Versions/A/IOBluetooth
0x00000000055ea000 	/System/Library/PrivateFrameworks/CoreWiFi.framework/Versions/A/CoreWiFi
0x00000000055ea000 	/System/Library/Frameworks/CoreBluetooth.framework/Versions/A/CoreBluetooth
0x00000000055ea000 	/System/Library/PrivateFrameworks/ChunkingLibrary.framework/Versions/A/ChunkingLibrary
0x00000000055ea000 	/System/Library/PrivateFrameworks/DebugSymbols.framework/Versions/A/DebugSymbols
0x00000000055ea000 	/System/Library/PrivateFrameworks/CoreSymbolication.framework/Versions/A/CoreSymbolication
0x00000000055ea000 	/System/Library/PrivateFrameworks/Symbolication.framework/Versions/A/Symbolication
0x00000000055ea000 	/System/Library/PrivateFrameworks/SpeechRecognitionCore.framework/Versions/A/SpeechRecognitionCore
0x0000000105e00000 	/Library/Java/JavaVirtualMachines/jdk1.8.0_60.jdk/Contents/Home/jre/lib/server/libjvm.dylib
0x00000000055ea000 	/usr/lib/libstdc++.6.dylib
0x0000000104dea000 	/Library/Java/JavaVirtualMachines/jdk1.8.0_60.jdk/Contents/Home/jre/lib/libverify.dylib
0x0000000106d89000 	/Library/Java/JavaVirtualMachines/jdk1.8.0_60.jdk/Contents/Home/jre/lib/libjava.dylib
0x0000000106dc6000 	/Library/Java/JavaVirtualMachines/jdk1.8.0_60.jdk/Contents/Home/jre/lib/libzip.dylib
0x0000000121e84000 	/System/Library/Frameworks/JavaVM.framework/Frameworks/JavaRuntimeSupport.framework/JavaRuntimeSupport
0x0000000121e9e000 	/System/Library/Frameworks/JavaVM.framework/Versions/A/Frameworks/JavaNativeFoundation.framework/Versions/A/JavaNativeFoundation
0x0000000121eb3000 	/System/Library/Frameworks/JavaVM.framework/Versions/A/JavaVM
0x00000000055ea000 	/System/Library/Frameworks/Carbon.framework/Versions/A/Carbon
0x0000000121ec0000 	/System/Library/PrivateFrameworks/JavaLaunching.framework/Versions/A/JavaLaunching
0x00000000055ea000 	/System/Library/Frameworks/Carbon.framework/Versions/A/Frameworks/CommonPanels.framework/Versions/A/CommonPanels
0x00000000055ea000 	/System/Library/Frameworks/Carbon.framework/Versions/A/Frameworks/Help.framework/Versions/A/Help
0x00000000055ea000 	/System/Library/Frameworks/Carbon.framework/Versions/A/Frameworks/ImageCapture.framework/Versions/A/ImageCapture
0x00000000055ea000 	/System/Library/Frameworks/Carbon.framework/Versions/A/Frameworks/OpenScripting.framework/Versions/A/OpenScripting
0x00000000055ea000 	/System/Library/Frameworks/Carbon.framework/Versions/A/Frameworks/Print.framework/Versions/A/Print
0x00000000055ea000 	/System/Library/Frameworks/Carbon.framework/Versions/A/Frameworks/SecurityHI.framework/Versions/A/SecurityHI
0x00000001237de000 	/Library/Java/JavaVirtualMachines/jdk1.8.0_60.jdk/Contents/Home/jre/lib/libawt.dylib
0x0000000123886000 	/Library/Java/JavaVirtualMachines/jdk1.8.0_60.jdk/Contents/Home/jre/lib/./libmlib_image.dylib
0x0000000123952000 	/Library/Java/JavaVirtualMachines/jdk1.8.0_60.jdk/Contents/Home/jre/lib/libawt_lwawt.dylib
0x0000000123a07000 	/Library/Java/JavaVirtualMachines/jdk1.8.0_60.jdk/Contents/Home/jre/lib/./libosxapp.dylib
0x00000000055ea000 	/System/Library/Frameworks/ExceptionHandling.framework/Versions/A/ExceptionHandling
0x00000000055ea000 	/System/Library/PrivateFrameworks/CoreServicesInternal.framework/Versions/A/CoreServicesInternal
0x00000000055ea000 	/System/Library/Frameworks/CoreGraphics.framework/Versions/A/Resources/libRIP.A.dylib
0x00000000055ea000 	/System/Library/Frameworks/Accelerate.framework/Versions/A/Frameworks/vImage.framework/Versions/A/Libraries/libCGInterfaces.dylib
0x00000000055ea000 	/System/Library/Frameworks/CoreGraphics.framework/Versions/A/Resources/libCGXType.A.dylib
0x00000000055ea000 	/System/Library/Frameworks/OpenCL.framework/Versions/A/Libraries/libcldcpuengine.dylib
0x00000000055ea000 	/System/Library/PrivateFrameworks/DiskImages.framework/Versions/A/DiskImages
0x00000000055ea000 	/System/Library/Frameworks/DiscRecording.framework/Versions/A/DiscRecording
0x00000000055ea000 	/usr/lib/libcsfde.dylib
0x00000000055ea000 	/usr/lib/libcurl.4.dylib
0x00000000055ea000 	/System/Library/PrivateFrameworks/MediaKit.framework/Versions/A/MediaKit
0x00000000055ea000 	/System/Library/PrivateFrameworks/ProtectedCloudStorage.framework/Versions/A/ProtectedCloudStorage
0x00000000055ea000 	/usr/lib/libCoreStorage.dylib
0x00000000055ea000 	/System/Library/PrivateFrameworks/EFILogin.framework/Versions/A/EFILogin
0x00000000055ea000 	/usr/lib/libutil.dylib
0x00000000055ea000 	/System/Library/PrivateFrameworks/FindMyDevice.framework/Versions/A/FindMyDevice
0x00000000055ea000 	/System/Library/Frameworks/LDAP.framework/Versions/A/LDAP
0x00000000055ea000 	/usr/lib/libsasl2.2.dylib
0x00000000055ea000 	/System/Library/PrivateFrameworks/CoreDaemon.framework/Versions/B/CoreDaemon
0x00000000055ea000 	/usr/lib/libcrypto.0.9.8.dylib
0x00000000055ea000 	/System/Library/PrivateFrameworks/AppleSRP.framework/Versions/A/AppleSRP
0x00000000055ea000 	/System/Library/PrivateFrameworks/TrustEvaluationAgent.framework/Versions/A/TrustEvaluationAgent
0x000000012553d000 	cl_kernels
0x00000000055ea000 	/System/Library/Frameworks/OpenCL.framework/Versions/A/Libraries/ImageFormats/unorm8_bgra.dylib
0x00000000055ea000 	/System/Library/Frameworks/OpenCL.framework/Versions/A/Libraries/ImageFormats/unorm8_rgba.dylib
0x00000000055ea000 	/System/Library/PrivateFrameworks/FamilyControls.framework/Versions/A/FamilyControls
0x00000000055ea000 	/System/Library/PrivateFrameworks/CommerceKit.framework/Versions/A/Frameworks/CommerceCore.framework/Versions/A/CommerceCore
0x00000000055ea000 	/System/Library/PrivateFrameworks/SystemAdministration.framework/Versions/A/SystemAdministration
0x00000000055ea000 	/System/Library/PrivateFrameworks/AppContainer.framework/Versions/A/AppContainer
0x00000000055ea000 	/System/Library/PrivateFrameworks/SecCodeWrapper.framework/Versions/A/SecCodeWrapper
0x00000000055ea000 	/System/Library/Frameworks/DirectoryService.framework/Versions/A/DirectoryService
0x00000000055ea000 	/System/Library/PrivateFrameworks/LoginUIKit.framework/Versions/A/Frameworks/LoginUICore.framework/Versions/A/LoginUICore
0x00000000055ea000 	/usr/lib/libodfde.dylib
0x00000000055ea000 	/System/Library/Frameworks/OpenGL.framework/Versions/A/Resources/GLEngine.bundle/GLEngine
0x00000000055ea000 	/System/Library/Frameworks/OpenGL.framework/Versions/A/Libraries/libGLProgrammability.dylib
0x000000012678b000 	/System/Library/Extensions/AppleIntelHD5000GraphicsGLDriver.bundle/Contents/MacOS/AppleIntelHD5000GraphicsGLDriver
0x00000000055ea000 	/System/Library/PrivateFrameworks/GPUSupport.framework/Versions/A/Libraries/libGPUSupportMercury.dylib
0x0000000000000000 	/System/Library/Extensions/GeForceGLDriver.bundle/Contents/MacOS/GeForceGLDriver
0x00000000055ea000 	/System/Library/Extensions/GeForceGLDriver.bundle/Contents/MacOS/libclh.dylib
0x00000000055ea000 	/System/Library/Frameworks/OpenGL.framework/Versions/A/Resources/GLRendererFloat.bundle/GLRendererFloat
0x0000000127dd4000 	/Library/Java/JavaVirtualMachines/jdk1.8.0_60.jdk/Contents/Home/jre/lib/libfontmanager.dylib
0x000000012a123000 	/Library/Java/JavaVirtualMachines/jdk1.8.0_60.jdk/Contents/Home/jre/lib/libosxui.dylib
0x000000012aba8000 	/Library/Java/JavaVirtualMachines/jdk1.8.0_60.jdk/Contents/Home/jre/lib/libnet.dylib
0x000000012ae02000 	/Library/Java/JavaVirtualMachines/jdk1.8.0_60.jdk/Contents/Home/jre/lib/libnio.dylib
0x00000000055ea000 	/System/Library/Frameworks/ApplicationServices.framework/Versions/A/Frameworks/ATS.framework/Versions/A/Resources/libTrueTypeScaler.dylib
0x0000000000000000 	/System/Library/Extensions/GeForceMTLDriver.bundle/Contents/MacOS/GeForceMTLDriver
0x000000017b128000 	/System/Library/Extensions/AppleIntelHD5000GraphicsMTLDriver.bundle/Contents/MacOS/AppleIntelHD5000GraphicsMTLDriver
0x0000000124b1a000 	/private/var/folders/kj/2dfss_zn7zgdrbm6sqf3fq_c0000gn/T/jogamp_0000/file_cache/jln4185801175063300884/jln6116664825413219223/libgluegen-rt.jnilib
0x000000017aeea000 	/private/var/folders/kj/2dfss_zn7zgdrbm6sqf3fq_c0000gn/T/jogamp_0000/file_cache/jln4185801175063300884/jln6116664825413219223/libnativewindow_awt.jnilib
0x000000017aeed000 	/Library/Java/JavaVirtualMachines/jdk1.8.0_60.jdk/Contents/Home/jre/lib/libjawt.dylib
0x000000017aef0000 	/private/var/folders/kj/2dfss_zn7zgdrbm6sqf3fq_c0000gn/T/jogamp_0000/file_cache/jln4185801175063300884/jln6116664825413219223/libnativewindow_macosx.jnilib
0x0000000180a40000 	/private/var/folders/kj/2dfss_zn7zgdrbm6sqf3fq_c0000gn/T/jogamp_0000/file_cache/jln4185801175063300884/jln6116664825413219223/libjogl_desktop.jnilib
0x00000001840d3000 	/Library/Java/JavaVirtualMachines/jdk1.8.0_60.jdk/Contents/Home/jre/lib/libjpeg.dylib

VM Arguments:
jvm_args: -Djava.security.policy=java.policy.applet -Dfile.encoding=UTF-8 
java_command: sun.applet.AppletViewer module1.HelloWorld1442432110550.html
java_class_path (initial): /Users/gigatexal/Code/alexandarnarayan/Coursera/UCSDUnfoldingMaps/build:/Users/gigatexal/Code/alexandarnarayan/Coursera/UCSDUnfoldingMaps/lib/core.jar:/Users/gigatexal/Code/alexandarnarayan/Coursera/UCSDUnfoldingMaps/lib/gluegen-rt.jar:/Users/gigatexal/Code/alexandarnarayan/Coursera/UCSDUnfoldingMaps/lib/jogl-all.jar:/Users/gigatexal/Code/alexandarnarayan/Coursera/UCSDUnfoldingMaps/lib/log4j-1.2.15.jar:/Users/gigatexal/Code/alexandarnarayan/Coursera/UCSDUnfoldingMaps/lib/sqlite-jdbc-3.7.2.jar:/Users/gigatexal/Code/alexandarnarayan/Coursera/UCSDUnfoldingMaps/lib/json4processing.jar:/Users/gigatexal/Code/alexandarnarayan/Coursera/UCSDUnfoldingMaps/lib/libTUIO.jar:/Users/gigatexal/Code/alexandarnarayan/Coursera/UCSDUnfoldingMaps/lib/unfolding.0.9.7-uscd.jar
Launcher Type: SUN_STANDARD

Environment Variables:
PATH=/usr/bin:/bin:/usr/sbin:/sbin
SHELL=/bin/bash
DISPLAY=/private/tmp/com.apple.launchd.di4Nw9YHRS/org.macosforge.xquartz:0

Signal Handlers:
SIGSEGV: [libjvm.dylib+0x5a6d31], sa_mask[0]=11111111011111110111111111111111, sa_flags=SA_ONSTACK|SA_RESTART|SA_SIGINFO
SIGBUS: [libjvm.dylib+0x5a6d31], sa_mask[0]=11111111011111110111111111111111, sa_flags=SA_RESTART|SA_SIGINFO
SIGFPE: [libjvm.dylib+0x480a4c], sa_mask[0]=11111111011111110111111111111111, sa_flags=SA_RESTART|SA_SIGINFO
SIGPIPE: [libjvm.dylib+0x480a4c], sa_mask[0]=11111111011111110111111111111111, sa_flags=SA_RESTART|SA_SIGINFO
SIGXFSZ: [libjvm.dylib+0x480a4c], sa_mask[0]=11111111011111110111111111111111, sa_flags=SA_RESTART|SA_SIGINFO
SIGILL: [libjvm.dylib+0x480a4c], sa_mask[0]=11111111011111110111111111111111, sa_flags=SA_RESTART|SA_SIGINFO
SIGUSR1: SIG_DFL, sa_mask[0]=00000000000000000000000000000000, sa_flags=none
SIGUSR2: [libjvm.dylib+0x48056a], sa_mask[0]=00100000000000000000000000000000, sa_flags=SA_RESTART|SA_SIGINFO
SIGHUP: [libjvm.dylib+0x47eb41], sa_mask[0]=11111111011111110111111111111111, sa_flags=SA_RESTART|SA_SIGINFO
SIGINT: [libjvm.dylib+0x47eb41], sa_mask[0]=11111111011111110111111111111111, sa_flags=SA_RESTART|SA_SIGINFO
SIGTERM: [libjvm.dylib+0x47eb41], sa_mask[0]=11111111011111110111111111111111, sa_flags=SA_RESTART|SA_SIGINFO
SIGQUIT: [libjvm.dylib+0x47eb41], sa_mask[0]=11111111011111110111111111111111, sa_flags=SA_RESTART|SA_SIGINFO


---------------  S Y S T E M  ---------------

OS:Bsduname:Darwin 15.0.0 Darwin Kernel Version 15.0.0: Wed Aug 26 19:41:34 PDT 2015; root:xnu-3247.1.106~5/RELEASE_X86_64 x86_64
rlimit: STACK 8192k, CORE 0k, NPROC 709, NOFILE 10240, AS infinity
load average:1.69 1.63 1.51

CPU:total 8 (4 cores per cpu, 2 threads per core) family 6 model 70 stepping 1, cmov, cx8, fxsr, mmx, sse, sse2, sse3, ssse3, sse4.1, sse4.2, popcnt, avx, avx2, aes, clmul, erms, rtm, lzcnt, ht, tsc, tscinvbit, bmi1, bmi2

Memory: 4k page, physical 16777216k(2279300k free)

/proc/meminfo:


vm_info: Java HotSpot(TM) 64-Bit Server VM (25.60-b23) for bsd-amd64 JRE (1.8.0_60-b27), built on Aug  4 2015 10:47:24 by "java_re" with gcc 4.2.1 (Based on Apple Inc. build 5658) (LLVM build 2336.11.00)

time: Wed Sep 16 12:35:18 2015
elapsed time: 7 seconds (0d 0h 0m 7s)

